<?xml version="1.0" encoding="UTF-8"?>
<!-- Generated by org.testng.reporters.JUnitReportReporter -->
<testsuite hostname="WINDOWS-SQ7RJLA" failures="0" tests="1" name="tests.DashBoardTestDefinition" time="18.594" errors="0" timestamp="2024-09-21T09:16:30 EDT" skipped="0">
  <testcase classname="tests.DashBoardTestDefinition" name="userShouldaBeAbleToLogIn" time="18.594"/>
  <system-out/>
</testsuite> <!-- tests.DashBoardTestDefinition -->
