<?xml version="1.0" encoding="UTF-8"?>
<!-- Generated by org.testng.reporters.JUnitReportReporter -->
<testsuite hostname="WINDOWS-SQ7RJLA" failures="0" tests="1" name="tests.LoginTestDefinition" time="14.255" errors="0" timestamp="2024-09-21T08:50:31 EDT" skipped="0">
  <testcase classname="tests.LoginTestDefinition" name="enterLoginDetails" time="14.255"/>
  <system-out/>
</testsuite> <!-- tests.LoginTestDefinition -->
