<?xml version="1.0" encoding="UTF-8"?>
<!-- Generated by org.testng.reporters.JUnitReportReporter -->
<testsuite hostname="WINDOWS-SQ7RJLA" failures="0" tests="1" name="tests.AddCustomerTestDefinition" time="47.620" errors="0" timestamp="2024-09-23T11:14:41 EDT" skipped="0">
  <testcase classname="tests.AddCustomerTestDefinition" name="enterCustomerDetails" time="47.620"/>
  <system-out/>
</testsuite> <!-- tests.AddCustomerTestDefinition -->
